#-----------------------------------------------------------
# Webtalk v2016.2 (64-bit)
# SW Build 1577090 on Thu Jun  2 16:32:40 MDT 2016
# 
# Start of session at: Wed Mar 29 05:25:44 2017
# Process ID: 8940
# Current directory: C:/Users/Usman/Desktop/ECE532/Demo_Archive.xpr/BlueMileStone_2/BlueMileStone_2.sdk/webtalk
# Command line: wbtcv.exe -mode batch -source sdk_webtalk.tcl
# Log file: C:/Users/Usman/Desktop/ECE532/Demo_Archive.xpr/BlueMileStone_2/BlueMileStone_2.sdk/webtalk/webtalk.log
# Journal file: C:/Users/Usman/Desktop/ECE532/Demo_Archive.xpr/BlueMileStone_2/BlueMileStone_2.sdk/webtalk\webtalk.jou
#-----------------------------------------------------------
source sdk_webtalk.tcl
# webtalk_init -webtalk_dir C:\\Users\\Usman\\Desktop\\ECE532\\Demo_Archive.xpr\\BlueMileStone_2\\BlueMileStone_2.sdk\\webtalk
# webtalk_register_client -client project
# webtalk_add_data -client project -key date_generated -value "Wed Mar 29 05:25:44 2017" -context "software_version_and_target_device"
# webtalk_add_data -client project -key product_version -value "SDK v2016.2" -context "software_version_and_target_device"
# webtalk_add_data -client project -key build_version -value "2016.2" -context "software_version_and_target_device"
# webtalk_add_data -client project -key os_platform -value "amd64" -context "software_version_and_target_device"
# webtalk_add_data -client project -key registration_id -value "" -context "software_version_and_target_device"
# webtalk_add_data -client project -key tool_flow -value "SDK" -context "software_version_and_target_device"
# webtalk_add_data -client project -key beta -value "false" -context "software_version_and_target_device"
# webtalk_add_data -client project -key route_design -value "NA" -context "software_version_and_target_device"
# webtalk_add_data -client project -key target_family -value "NA" -context "software_version_and_target_device"
# webtalk_add_data -client project -key target_device -value "NA" -context "software_version_and_target_device"
# webtalk_add_data -client project -key target_package -value "NA" -context "software_version_and_target_device"
# webtalk_add_data -client project -key target_speed -value "NA" -context "software_version_and_target_device"
# webtalk_add_data -client project -key random_id -value "plpg6rlapb7gccj1vpa9kfv1hl" -context "software_version_and_target_device"
# webtalk_add_data -client project -key project_id -value "2016.2_28" -context "software_version_and_target_device"
# webtalk_add_data -client project -key project_iteration -value "28" -context "software_version_and_target_device"
# webtalk_add_data -client project -key os_name -value "" -context "user_environment"
# webtalk_add_data -client project -key os_release -value "" -context "user_environment"
# webtalk_add_data -client project -key cpu_name -value "" -context "user_environment"
# webtalk_add_data -client project -key cpu_speed -value "" -context "user_environment"
# webtalk_add_data -client project -key total_processors -value "" -context "user_environment"
# webtalk_add_data -client project -key system_ram -value "" -context "user_environment"
# webtalk_register_client -client sdk
# webtalk_add_data -client sdk -key uid -value "1490779178951" -context "sdk\\\\hardware/1490779178951"
# webtalk_add_data -client sdk -key isZynq -value "false" -context "sdk\\\\hardware/1490779178951"
# webtalk_add_data -client sdk -key Processors -value "1" -context "sdk\\\\hardware/1490779178951"
# webtalk_add_data -client sdk -key VivadoVersion -value "2016.2" -context "sdk\\\\hardware/1490779178951"
# webtalk_add_data -client sdk -key Arch -value "artix7" -context "sdk\\\\hardware/1490779178951"
# webtalk_add_data -client sdk -key Device -value "7a100t" -context "sdk\\\\hardware/1490779178951"
# webtalk_add_data -client sdk -key IsHandoff -value "true" -context "sdk\\\\hardware/1490779178951"
# webtalk_transmit -clientid 3066027900 -regid "" -xml C:\\Users\\Usman\\Desktop\\ECE532\\Demo_Archive.xpr\\BlueMileStone_2\\BlueMileStone_2.sdk\\webtalk\\usage_statistics_ext_sdk.xml -html C:\\Users\\Usman\\Desktop\\ECE532\\Demo_Archive.xpr\\BlueMileStone_2\\BlueMileStone_2.sdk\\webtalk\\usage_statistics_ext_sdk.html -wdm C:\\Users\\Usman\\Desktop\\ECE532\\Demo_Archive.xpr\\BlueMileStone_2\\BlueMileStone_2.sdk\\webtalk\\sdk_webtalk.wdm -intro "<H3>SDK Usage Report</H3><BR>"
# webtalk_terminate
INFO: [Common 17-206] Exiting Webtalk at Wed Mar 29 05:25:50 2017...
